<?xml version="1.0" encoding="UTF-8"?>
<testng-results ignored="1" total="2" passed="0" failed="0" skipped="1">
  <reporter-output>
  </reporter-output>
  <suite started-at="2024-05-21T08:15:37 IST" name="Default suite" finished-at="2024-05-21T08:15:38 IST" duration-ms="35">
    <groups>
    </groups>
    <test started-at="2024-05-21T08:15:37 IST" name="Default test" finished-at="2024-05-21T08:15:38 IST" duration-ms="35">
      <class name="TestPage.NevigationTest">
        <test-method is-config="true" signature="openBrowser(java.lang.String)[pri:0, instance:TestPage.NevigationTest@7722c3c3]" started-at="2024-05-21T08:15:38 IST" name="openBrowser" finished-at="1970-01-01T05:30:00 IST" duration-ms="-1716259538001" status="FAIL">
          <exception class="org.testng.TestNGException">
            <message>
              <![CDATA[
Parameter 'browser' is required by BeforeTest on method openBrowser but has not been marked @Optional or defined
in C:\Users\sanket\AppData\Local\Temp\testng-eclipse-1671640448\testng-customsuite.xml]]>
            </message>
            <full-stacktrace>
              <![CDATA[org.testng.TestNGException: 
Parameter 'browser' is required by BeforeTest on method openBrowser but has not been marked @Optional or defined
in C:\Users\sanket\AppData\Local\Temp\testng-eclipse-1671640448\testng-customsuite.xml
at org.testng.internal.Parameters.createParams(Parameters.java:270)
at org.testng.internal.Parameters.createParametersForMethod(Parameters.java:358)
at org.testng.internal.Parameters.createParameters(Parameters.java:700)
at org.testng.internal.Parameters.createConfigurationParameters(Parameters.java:168)
at org.testng.internal.ConfigInvoker.invokeConfigurations(ConfigInvoker.java:302)
at org.testng.TestRunner.invokeTestConfigurations(TestRunner.java:637)
at org.testng.TestRunner.beforeRun(TestRunner.java:627)
at org.testng.TestRunner.run(TestRunner.java:589)
at org.testng.SuiteRunner.runTest(SuiteRunner.java:377)
at org.testng.SuiteRunner.runSequentially(SuiteRunner.java:371)
at org.testng.SuiteRunner.privateRun(SuiteRunner.java:332)
at org.testng.SuiteRunner.run(SuiteRunner.java:276)
at org.testng.SuiteRunnerWorker.runSuite(SuiteRunnerWorker.java:53)
at org.testng.SuiteRunnerWorker.run(SuiteRunnerWorker.java:96)
at org.testng.TestNG.runSuitesSequentially(TestNG.java:1212)
at org.testng.TestNG.runSuitesLocally(TestNG.java:1134)
at org.testng.TestNG.runSuites(TestNG.java:1063)
at org.testng.TestNG.run(TestNG.java:1031)
at org.testng.remote.AbstractRemoteTestNG.run(AbstractRemoteTestNG.java:115)
at org.testng.remote.RemoteTestNG.initAndRun(RemoteTestNG.java:251)
at org.testng.remote.RemoteTestNG.main(RemoteTestNG.java:77)
]]>
            </full-stacktrace>
          </exception> <!-- org.testng.TestNGException -->
          <reporter-output>
          </reporter-output>
        </test-method> <!-- openBrowser -->
        <test-method is-config="true" signature="CreatePomObject()[pri:0, instance:TestPage.NevigationTest@7722c3c3]" started-at="2024-05-21T08:15:38 IST" name="CreatePomObject" finished-at="1970-01-01T05:30:00 IST" duration-ms="-1716259538017" status="SKIP">
          <reporter-output>
          </reporter-output>
        </test-method> <!-- CreatePomObject -->
        <test-method is-config="true" signature="applicaton()[pri:0, instance:TestPage.NevigationTest@7722c3c3]" started-at="2024-05-21T08:15:38 IST" name="applicaton" finished-at="1970-01-01T05:30:00 IST" duration-ms="-1716259538028" status="SKIP">
          <reporter-output>
          </reporter-output>
        </test-method> <!-- applicaton -->
        <test-method signature="checkInternational()[pri:0, instance:TestPage.NevigationTest@7722c3c3]" started-at="2024-05-21T08:15:38 IST" name="checkInternational" finished-at="2024-05-21T08:15:38 IST" duration-ms="0" status="SKIP">
          <exception class="org.testng.TestNGException">
            <message>
              <![CDATA[
Parameter 'browser' is required by BeforeTest on method openBrowser but has not been marked @Optional or defined
in C:\Users\sanket\AppData\Local\Temp\testng-eclipse-1671640448\testng-customsuite.xml]]>
            </message>
            <full-stacktrace>
              <![CDATA[org.testng.TestNGException: 
Parameter 'browser' is required by BeforeTest on method openBrowser but has not been marked @Optional or defined
in C:\Users\sanket\AppData\Local\Temp\testng-eclipse-1671640448\testng-customsuite.xml
at org.testng.internal.Parameters.createParams(Parameters.java:270)
at org.testng.internal.Parameters.createParametersForMethod(Parameters.java:358)
at org.testng.internal.Parameters.createParameters(Parameters.java:700)
at org.testng.internal.Parameters.createConfigurationParameters(Parameters.java:168)
at org.testng.internal.ConfigInvoker.invokeConfigurations(ConfigInvoker.java:302)
at org.testng.TestRunner.invokeTestConfigurations(TestRunner.java:637)
at org.testng.TestRunner.beforeRun(TestRunner.java:627)
at org.testng.TestRunner.run(TestRunner.java:589)
at org.testng.SuiteRunner.runTest(SuiteRunner.java:377)
at org.testng.SuiteRunner.runSequentially(SuiteRunner.java:371)
at org.testng.SuiteRunner.privateRun(SuiteRunner.java:332)
at org.testng.SuiteRunner.run(SuiteRunner.java:276)
at org.testng.SuiteRunnerWorker.runSuite(SuiteRunnerWorker.java:53)
at org.testng.SuiteRunnerWorker.run(SuiteRunnerWorker.java:96)
at org.testng.TestNG.runSuitesSequentially(TestNG.java:1212)
at org.testng.TestNG.runSuitesLocally(TestNG.java:1134)
at org.testng.TestNG.runSuites(TestNG.java:1063)
at org.testng.TestNG.run(TestNG.java:1031)
at org.testng.remote.AbstractRemoteTestNG.run(AbstractRemoteTestNG.java:115)
at org.testng.remote.RemoteTestNG.initAndRun(RemoteTestNG.java:251)
at org.testng.remote.RemoteTestNG.main(RemoteTestNG.java:77)
]]>
            </full-stacktrace>
          </exception> <!-- org.testng.TestNGException -->
          <reporter-output>
          </reporter-output>
        </test-method> <!-- checkInternational -->
        <test-method is-config="true" signature="afterMethod()[pri:0, instance:TestPage.NevigationTest@7722c3c3]" started-at="2024-05-21T08:15:38 IST" name="afterMethod" finished-at="1970-01-01T05:30:00 IST" duration-ms="-1716259538031" status="SKIP">
          <reporter-output>
          </reporter-output>
        </test-method> <!-- afterMethod -->
        <test-method is-config="true" signature="afterClass()[pri:0, instance:TestPage.NevigationTest@7722c3c3]" started-at="2024-05-21T08:15:38 IST" name="afterClass" finished-at="1970-01-01T05:30:00 IST" duration-ms="-1716259538032" status="SKIP">
          <reporter-output>
          </reporter-output>
        </test-method> <!-- afterClass -->
      </class> <!-- TestPage.NevigationTest -->
    </test> <!-- Default test -->
  </suite> <!-- Default suite -->
</testng-results>
